running egg_info
writing ../../build/pkg/pkg.egg-info/PKG-INFO
writing dependency_links to ../../build/pkg/pkg.egg-info/dependency_links.txt
writing entry points to ../../build/pkg/pkg.egg-info/entry_points.txt
writing requirements to ../../build/pkg/pkg.egg-info/requires.txt
writing top-level names to ../../build/pkg/pkg.egg-info/top_level.txt
reading manifest file '../../build/pkg/pkg.egg-info/SOURCES.txt'
writing manifest file '../../build/pkg/pkg.egg-info/SOURCES.txt'
running build
running build_py
copying pkg/keyboard_control_node.py -> /home/pi/drone/ros2_ws/build/pkg/build/lib/pkg
running install
running install_lib
copying /home/pi/drone/ros2_ws/build/pkg/build/lib/pkg/keyboard_control_node.py -> /home/pi/drone/ros2_ws/install/pkg/lib/python3.12/site-packages/pkg
byte-compiling /home/pi/drone/ros2_ws/install/pkg/lib/python3.12/site-packages/pkg/keyboard_control_node.py to keyboard_control_node.cpython-312.pyc
running install_data
running install_egg_info
removing '/home/pi/drone/ros2_ws/install/pkg/lib/python3.12/site-packages/pkg-0.0.0-py3.12.egg-info' (and everything under it)
Copying ../../build/pkg/pkg.egg-info to /home/pi/drone/ros2_ws/install/pkg/lib/python3.12/site-packages/pkg-0.0.0-py3.12.egg-info
running install_scripts
Installing camera_node script to /home/pi/drone/ros2_ws/install/pkg/lib/pkg
Installing esp32_node script to /home/pi/drone/ros2_ws/install/pkg/lib/pkg
Installing keyboard_control_node script to /home/pi/drone/ros2_ws/install/pkg/lib/pkg
writing list of installed files to '/home/pi/drone/ros2_ws/build/pkg/install.log'
