running develop
running egg_info
creating pkg.egg-info
writing pkg.egg-info/PKG-INFO
writing dependency_links to pkg.egg-info/dependency_links.txt
writing entry points to pkg.egg-info/entry_points.txt
writing requirements to pkg.egg-info/requires.txt
writing top-level names to pkg.egg-info/top_level.txt
writing manifest file 'pkg.egg-info/SOURCES.txt'
reading manifest file 'pkg.egg-info/SOURCES.txt'
writing manifest file 'pkg.egg-info/SOURCES.txt'
running build_ext
Creating /home/pi/drone/ros2_ws/install/pkg/lib/python3.12/site-packages/pkg.egg-link (link to .)
Installing camera_node script to /home/pi/drone/ros2_ws/install/pkg/lib/pkg

Installed /home/pi/drone/ros2_ws/build/pkg
running symlink_data
creating /home/pi/drone/ros2_ws/install/pkg/share/ament_index
creating /home/pi/drone/ros2_ws/install/pkg/share/ament_index/resource_index
creating /home/pi/drone/ros2_ws/install/pkg/share/ament_index/resource_index/packages
symbolically linking /home/pi/drone/ros2_ws/build/pkg/resource/pkg -> /home/pi/drone/ros2_ws/install/pkg/share/ament_index/resource_index/packages
symbolically linking /home/pi/drone/ros2_ws/build/pkg/package.xml -> /home/pi/drone/ros2_ws/install/pkg/share/pkg
