/home/pi/drone/ros2_ws/install/pkg/lib/python3.12/site-packages/pkg/camera_node.py
/home/pi/drone/ros2_ws/install/pkg/lib/python3.12/site-packages/pkg/keyboard_control_node.py
/home/pi/drone/ros2_ws/install/pkg/lib/python3.12/site-packages/pkg/esp32_node.py
/home/pi/drone/ros2_ws/install/pkg/lib/python3.12/site-packages/pkg/img_processing.py
/home/pi/drone/ros2_ws/install/pkg/lib/python3.12/site-packages/pkg/__init__.py
/home/pi/drone/ros2_ws/install/pkg/lib/python3.12/site-packages/pkg/__pycache__/camera_node.cpython-312.pyc
/home/pi/drone/ros2_ws/install/pkg/lib/python3.12/site-packages/pkg/__pycache__/keyboard_control_node.cpython-312.pyc
/home/pi/drone/ros2_ws/install/pkg/lib/python3.12/site-packages/pkg/__pycache__/esp32_node.cpython-312.pyc
/home/pi/drone/ros2_ws/install/pkg/lib/python3.12/site-packages/pkg/__pycache__/img_processing.cpython-312.pyc
/home/pi/drone/ros2_ws/install/pkg/lib/python3.12/site-packages/pkg/__pycache__/__init__.cpython-312.pyc
/home/pi/drone/ros2_ws/install/pkg/share/ament_index/resource_index/packages/pkg
/home/pi/drone/ros2_ws/install/pkg/share/pkg/package.xml
/home/pi/drone/ros2_ws/install/pkg/lib/python3.12/site-packages/pkg-0.0.0-py3.12.egg-info/dependency_links.txt
/home/pi/drone/ros2_ws/install/pkg/lib/python3.12/site-packages/pkg-0.0.0-py3.12.egg-info/entry_points.txt
/home/pi/drone/ros2_ws/install/pkg/lib/python3.12/site-packages/pkg-0.0.0-py3.12.egg-info/SOURCES.txt
/home/pi/drone/ros2_ws/install/pkg/lib/python3.12/site-packages/pkg-0.0.0-py3.12.egg-info/zip-safe
/home/pi/drone/ros2_ws/install/pkg/lib/python3.12/site-packages/pkg-0.0.0-py3.12.egg-info/top_level.txt
/home/pi/drone/ros2_ws/install/pkg/lib/python3.12/site-packages/pkg-0.0.0-py3.12.egg-info/PKG-INFO
/home/pi/drone/ros2_ws/install/pkg/lib/python3.12/site-packages/pkg-0.0.0-py3.12.egg-info/requires.txt
/home/pi/drone/ros2_ws/install/pkg/lib/pkg/camera_node
/home/pi/drone/ros2_ws/install/pkg/lib/pkg/esp32_node
/home/pi/drone/ros2_ws/install/pkg/lib/pkg/keyboard_control_node
