running develop
Removing /home/pi/drone/ros2_ws/install/pkg/lib/python3.12/site-packages/pkg.egg-link (link to .)
running egg_info
writing ../../build/pkg/pkg.egg-info/PKG-INFO
writing dependency_links to ../../build/pkg/pkg.egg-info/dependency_links.txt
writing entry points to ../../build/pkg/pkg.egg-info/entry_points.txt
writing requirements to ../../build/pkg/pkg.egg-info/requires.txt
writing top-level names to ../../build/pkg/pkg.egg-info/top_level.txt
reading manifest file '../../build/pkg/pkg.egg-info/SOURCES.txt'
writing manifest file '../../build/pkg/pkg.egg-info/SOURCES.txt'
running build
running build_py
creating /home/pi/drone/ros2_ws/build/pkg/build
creating /home/pi/drone/ros2_ws/build/pkg/build/lib
creating /home/pi/drone/ros2_ws/build/pkg/build/lib/pkg
copying pkg/camera_node.py -> /home/pi/drone/ros2_ws/build/pkg/build/lib/pkg
copying pkg/esp32_node.py -> /home/pi/drone/ros2_ws/build/pkg/build/lib/pkg
copying pkg/img_processing.py -> /home/pi/drone/ros2_ws/build/pkg/build/lib/pkg
copying pkg/__init__.py -> /home/pi/drone/ros2_ws/build/pkg/build/lib/pkg
running install
running install_lib
creating /home/pi/drone/ros2_ws/install/pkg/lib/python3.12/site-packages/pkg
copying /home/pi/drone/ros2_ws/build/pkg/build/lib/pkg/camera_node.py -> /home/pi/drone/ros2_ws/install/pkg/lib/python3.12/site-packages/pkg
copying /home/pi/drone/ros2_ws/build/pkg/build/lib/pkg/esp32_node.py -> /home/pi/drone/ros2_ws/install/pkg/lib/python3.12/site-packages/pkg
copying /home/pi/drone/ros2_ws/build/pkg/build/lib/pkg/img_processing.py -> /home/pi/drone/ros2_ws/install/pkg/lib/python3.12/site-packages/pkg
copying /home/pi/drone/ros2_ws/build/pkg/build/lib/pkg/__init__.py -> /home/pi/drone/ros2_ws/install/pkg/lib/python3.12/site-packages/pkg
byte-compiling /home/pi/drone/ros2_ws/install/pkg/lib/python3.12/site-packages/pkg/camera_node.py to camera_node.cpython-312.pyc
byte-compiling /home/pi/drone/ros2_ws/install/pkg/lib/python3.12/site-packages/pkg/esp32_node.py to esp32_node.cpython-312.pyc
byte-compiling /home/pi/drone/ros2_ws/install/pkg/lib/python3.12/site-packages/pkg/img_processing.py to img_processing.cpython-312.pyc
byte-compiling /home/pi/drone/ros2_ws/install/pkg/lib/python3.12/site-packages/pkg/__init__.py to __init__.cpython-312.pyc
running install_data
copying resource/pkg -> /home/pi/drone/ros2_ws/install/pkg/share/ament_index/resource_index/packages
copying package.xml -> /home/pi/drone/ros2_ws/install/pkg/share/pkg
running install_egg_info
Copying ../../build/pkg/pkg.egg-info to /home/pi/drone/ros2_ws/install/pkg/lib/python3.12/site-packages/pkg-0.0.0-py3.12.egg-info
running install_scripts
Installing camera_node script to /home/pi/drone/ros2_ws/install/pkg/lib/pkg
Installing esp32_node script to /home/pi/drone/ros2_ws/install/pkg/lib/pkg
writing list of installed files to '/home/pi/drone/ros2_ws/build/pkg/install.log'
