[2.848s] Invoking command in '/home/pi/drone/ros2_ws/build/pkg': PYTHONPATH=/home/pi/drone/ros2_ws/build/pkg/prefix_override:/usr/lib/python3/dist-packages/colcon_core/task/python/colcon_distutils_commands:/home/pi/drone/ros2_ws/install/pkg/lib/python3.12/site-packages:${PYTHONPATH} /usr/bin/python3 -W ignore:setup.py install is deprecated -W ignore:easy_install command is deprecated setup.py develop --uninstall --editable --build-directory /home/pi/drone/ros2_ws/build/pkg/build
[3.465s] running develop
[3.791s] Removing /home/pi/drone/ros2_ws/install/pkg/lib/python3.12/site-packages/pkg.egg-link (link to .)
[3.973s] Invoked command in '/home/pi/drone/ros2_ws/build/pkg' returned '0': PYTHONPATH=/home/pi/drone/ros2_ws/build/pkg/prefix_override:/usr/lib/python3/dist-packages/colcon_core/task/python/colcon_distutils_commands:/home/pi/drone/ros2_ws/install/pkg/lib/python3.12/site-packages:${PYTHONPATH} /usr/bin/python3 -W ignore:setup.py install is deprecated -W ignore:easy_install command is deprecated setup.py develop --uninstall --editable --build-directory /home/pi/drone/ros2_ws/build/pkg/build
[3.976s] Invoking command in '/home/pi/drone/ros2_ws/src/pkg': PYTHONPATH=/home/pi/drone/ros2_ws/build/pkg/prefix_override:/usr/lib/python3/dist-packages/colcon_core/task/python/colcon_distutils_commands:/home/pi/drone/ros2_ws/install/pkg/lib/python3.12/site-packages:${PYTHONPATH} /usr/bin/python3 -W ignore:setup.py install is deprecated -W ignore:easy_install command is deprecated setup.py egg_info --egg-base ../../build/pkg build --build-base /home/pi/drone/ros2_ws/build/pkg/build install --record /home/pi/drone/ros2_ws/build/pkg/install.log --single-version-externally-managed install_data --force
[4.641s] running egg_info
[4.682s] writing ../../build/pkg/pkg.egg-info/PKG-INFO
[4.686s] writing dependency_links to ../../build/pkg/pkg.egg-info/dependency_links.txt
[4.691s] writing entry points to ../../build/pkg/pkg.egg-info/entry_points.txt
[4.692s] writing requirements to ../../build/pkg/pkg.egg-info/requires.txt
[4.692s] writing top-level names to ../../build/pkg/pkg.egg-info/top_level.txt
[4.798s] reading manifest file '../../build/pkg/pkg.egg-info/SOURCES.txt'
[4.799s] writing manifest file '../../build/pkg/pkg.egg-info/SOURCES.txt'
[4.799s] running build
[4.799s] running build_py
[4.799s] creating /home/pi/drone/ros2_ws/build/pkg/build
[4.799s] creating /home/pi/drone/ros2_ws/build/pkg/build/lib
[4.800s] creating /home/pi/drone/ros2_ws/build/pkg/build/lib/pkg
[4.805s] copying pkg/camera_node.py -> /home/pi/drone/ros2_ws/build/pkg/build/lib/pkg
[4.806s] copying pkg/esp32_node.py -> /home/pi/drone/ros2_ws/build/pkg/build/lib/pkg
[4.806s] copying pkg/img_processing.py -> /home/pi/drone/ros2_ws/build/pkg/build/lib/pkg
[4.806s] copying pkg/__init__.py -> /home/pi/drone/ros2_ws/build/pkg/build/lib/pkg
[4.806s] running install
[4.815s] running install_lib
[4.850s] creating /home/pi/drone/ros2_ws/install/pkg/lib/python3.12/site-packages/pkg
[4.850s] copying /home/pi/drone/ros2_ws/build/pkg/build/lib/pkg/camera_node.py -> /home/pi/drone/ros2_ws/install/pkg/lib/python3.12/site-packages/pkg
[4.850s] copying /home/pi/drone/ros2_ws/build/pkg/build/lib/pkg/esp32_node.py -> /home/pi/drone/ros2_ws/install/pkg/lib/python3.12/site-packages/pkg
[4.850s] copying /home/pi/drone/ros2_ws/build/pkg/build/lib/pkg/img_processing.py -> /home/pi/drone/ros2_ws/install/pkg/lib/python3.12/site-packages/pkg
[4.850s] copying /home/pi/drone/ros2_ws/build/pkg/build/lib/pkg/__init__.py -> /home/pi/drone/ros2_ws/install/pkg/lib/python3.12/site-packages/pkg
[4.859s] byte-compiling /home/pi/drone/ros2_ws/install/pkg/lib/python3.12/site-packages/pkg/camera_node.py to camera_node.cpython-312.pyc
[4.859s] byte-compiling /home/pi/drone/ros2_ws/install/pkg/lib/python3.12/site-packages/pkg/esp32_node.py to esp32_node.cpython-312.pyc
[4.859s] byte-compiling /home/pi/drone/ros2_ws/install/pkg/lib/python3.12/site-packages/pkg/img_processing.py to img_processing.cpython-312.pyc
[4.859s] byte-compiling /home/pi/drone/ros2_ws/install/pkg/lib/python3.12/site-packages/pkg/__init__.py to __init__.cpython-312.pyc
[4.859s] running install_data
[4.860s] copying resource/pkg -> /home/pi/drone/ros2_ws/install/pkg/share/ament_index/resource_index/packages
[4.860s] copying package.xml -> /home/pi/drone/ros2_ws/install/pkg/share/pkg
[4.860s] running install_egg_info
[4.907s] Copying ../../build/pkg/pkg.egg-info to /home/pi/drone/ros2_ws/install/pkg/lib/python3.12/site-packages/pkg-0.0.0-py3.12.egg-info
[4.912s] running install_scripts
[5.381s] Installing camera_node script to /home/pi/drone/ros2_ws/install/pkg/lib/pkg
[5.381s] Installing esp32_node script to /home/pi/drone/ros2_ws/install/pkg/lib/pkg
[5.382s] writing list of installed files to '/home/pi/drone/ros2_ws/build/pkg/install.log'
[5.575s] Invoked command in '/home/pi/drone/ros2_ws/src/pkg' returned '0': PYTHONPATH=/home/pi/drone/ros2_ws/build/pkg/prefix_override:/usr/lib/python3/dist-packages/colcon_core/task/python/colcon_distutils_commands:/home/pi/drone/ros2_ws/install/pkg/lib/python3.12/site-packages:${PYTHONPATH} /usr/bin/python3 -W ignore:setup.py install is deprecated -W ignore:easy_install command is deprecated setup.py egg_info --egg-base ../../build/pkg build --build-base /home/pi/drone/ros2_ws/build/pkg/build install --record /home/pi/drone/ros2_ws/build/pkg/install.log --single-version-externally-managed install_data --force
