[2.027s] Invoking command in '/home/pi/drone/ros2_ws/build/pkg': PYTHONPATH=/home/pi/drone/ros2_ws/build/pkg/prefix_override:/usr/lib/python3/dist-packages/colcon_core/task/python/colcon_distutils_commands:/home/pi/drone/ros2_ws/install/pkg/lib/python3.12/site-packages:${PYTHONPATH} /usr/bin/python3 -W ignore:setup.py install is deprecated -W ignore:easy_install command is deprecated setup.py develop --editable --build-directory /home/pi/drone/ros2_ws/build/pkg/build --no-deps symlink_data
[2.594s] running develop
[2.909s] running egg_info
[2.909s] creating pkg.egg-info
[2.938s] writing pkg.egg-info/PKG-INFO
[2.938s] writing dependency_links to pkg.egg-info/dependency_links.txt
[2.939s] writing requirements to pkg.egg-info/requires.txt
[2.939s] writing top-level names to pkg.egg-info/top_level.txt
[2.939s] writing manifest file 'pkg.egg-info/SOURCES.txt'
[3.006s] reading manifest file 'pkg.egg-info/SOURCES.txt'
[3.007s] writing manifest file 'pkg.egg-info/SOURCES.txt'
[3.041s] running build_ext
[3.041s] Creating /home/pi/drone/ros2_ws/install/pkg/lib/python3.12/site-packages/pkg.egg-link (link to .)
[3.042s] 
[3.042s] Installed /home/pi/drone/ros2_ws/build/pkg
[3.042s] running symlink_data
[3.042s] creating /home/pi/drone/ros2_ws/install/pkg/share/ament_index
[3.043s] creating /home/pi/drone/ros2_ws/install/pkg/share/ament_index/resource_index
[3.043s] creating /home/pi/drone/ros2_ws/install/pkg/share/ament_index/resource_index/packages
[3.043s] symbolically linking /home/pi/drone/ros2_ws/build/pkg/resource/pkg -> /home/pi/drone/ros2_ws/install/pkg/share/ament_index/resource_index/packages
[3.046s] symbolically linking /home/pi/drone/ros2_ws/build/pkg/package.xml -> /home/pi/drone/ros2_ws/install/pkg/share/pkg
[3.180s] Invoked command in '/home/pi/drone/ros2_ws/build/pkg' returned '0': PYTHONPATH=/home/pi/drone/ros2_ws/build/pkg/prefix_override:/usr/lib/python3/dist-packages/colcon_core/task/python/colcon_distutils_commands:/home/pi/drone/ros2_ws/install/pkg/lib/python3.12/site-packages:${PYTHONPATH} /usr/bin/python3 -W ignore:setup.py install is deprecated -W ignore:easy_install command is deprecated setup.py develop --editable --build-directory /home/pi/drone/ros2_ws/build/pkg/build --no-deps symlink_data
